c:\users\hyperpc\desktop\практика с++\код\проект и.e1b6e118\x64\debug\vc143.pdb
c:\users\hyperpc\desktop\практика с++\код\проект и.e1b6e118\x64\debug\vc143.idb
c:\users\hyperpc\desktop\практика с++\код\проект и.e1b6e118\x64\debug\weapon.obj
c:\users\hyperpc\desktop\практика с++\код\проект и.e1b6e118\x64\debug\player.obj
c:\users\hyperpc\desktop\практика с++\код\проект и.e1b6e118\x64\debug\main.obj
c:\users\hyperpc\desktop\практика с++\код\проект и.e1b6e118\x64\debug\item.obj
c:\users\hyperpc\desktop\практика с++\код\проект и.e1b6e118\x64\debug\enemy.obj
c:\users\hyperpc\desktop\практика с++\код\проект и.e1b6e118\x64\debug\combat.obj
c:\users\hyperpc\desktop\практика с++\код\проект и.e1b6e118\x64\debug\circles.obj
c:\users\hyperpc\desktop\практика с++\код\x64\debug\проект игра на с++.exe
c:\users\hyperpc\desktop\практика с++\код\x64\debug\проект игра на с++.pdb
c:\users\hyperpc\desktop\практика с++\код\проект и.e1b6e118\x64\debug\проект игра на с++.ilk
c:\users\hyperpc\desktop\практика с++\код\проект и.e1b6e118\x64\debug\проект и.e1b6e118.tlog\cl.command.1.tlog
c:\users\hyperpc\desktop\практика с++\код\проект и.e1b6e118\x64\debug\проект и.e1b6e118.tlog\cl.items.tlog
c:\users\hyperpc\desktop\практика с++\код\проект и.e1b6e118\x64\debug\проект и.e1b6e118.tlog\cl.read.1.tlog
c:\users\hyperpc\desktop\практика с++\код\проект и.e1b6e118\x64\debug\проект и.e1b6e118.tlog\cl.write.1.tlog
c:\users\hyperpc\desktop\практика с++\код\проект и.e1b6e118\x64\debug\проект и.e1b6e118.tlog\link.command.1.tlog
c:\users\hyperpc\desktop\практика с++\код\проект и.e1b6e118\x64\debug\проект и.e1b6e118.tlog\link.read.1.tlog
c:\users\hyperpc\desktop\практика с++\код\проект и.e1b6e118\x64\debug\проект и.e1b6e118.tlog\link.secondary.1.tlog
c:\users\hyperpc\desktop\практика с++\код\проект и.e1b6e118\x64\debug\проект и.e1b6e118.tlog\link.write.1.tlog
